<?xml version="1.0" encoding="UTF-8"?>
<!-- Generated by org.testng.reporters.JUnitReportReporter -->
<testsuite skipped="0" hostname="LAPTOP-ACFB8J0B" name="module1_Login_Test.KiteLoginTest" tests="1" failures="0" timestamp="2022-09-10T16:20:45 IST" time="3.195" errors="0">
  <testcase name="verifyUserID" time="3.195" classname="module1_Login_Test.KiteLoginTest"/>
  <system-out>
    <![CDATA[-running verifyUserID TC-]]>
  </system-out>
</testsuite> <!-- module1_Login_Test.KiteLoginTest -->
